<?xml version="1.0" encoding="UTF-8"?>
<testsuite name="Tests for retrieving and showing figures" tests="2" skipped="0" failures="0" errors="0" timestamp="2026-02-11T16:28:47.592Z" hostname="DANIL228" time="0.06">
  <properties/>
  <testcase name="Test showing all figure names as one String" classname="com.kodilla.testing.shape.ShapeCollectorTestSuite$TestGetShow" time="0.052"/>
  <testcase name="Test getting a figure by index" classname="com.kodilla.testing.shape.ShapeCollectorTestSuite$TestGetShow" time="0.005"/>
  <system-out><![CDATA[Executing test #1
Executing test #2
]]></system-out>
  <system-err><![CDATA[]]></system-err>
</testsuite>
