<?xml version="1.0" encoding="UTF-8"?>
<testsuite name="Array Operations Test Suite" tests="1" skipped="0" failures="0" errors="0" timestamp="2026-02-20T17:33:08.141Z" hostname="DANIL228" time="0.087">
  <properties/>
  <testcase name="Test getAverage() with an array of 20 elements" classname="com.kodilla.testing.stream.array.ArrayOperationsTestSuite" time="0.087"/>
  <system-out><![CDATA[10
20
10
20
10
20
10
20
10
20
30
40
30
40
30
40
30
40
30
40
]]></system-out>
  <system-err><![CDATA[]]></system-err>
</testsuite>
