<?xml version="1.0" encoding="UTF-8"?>
<testsuite name="Tests with empty temperature list" tests="2" skipped="0" failures="0" errors="0" timestamp="2026-02-19T08:19:01.193Z" hostname="DANIL228" time="2.369">
  <properties/>
  <testcase name="Test: Median with empty map" classname="com.kodilla.testing.weather.mock.WeatherForecastTestSuite$TestWithEmptyData" time="2.356"/>
  <testcase name="Test: Average with empty map" classname="com.kodilla.testing.weather.mock.WeatherForecastTestSuite$TestWithEmptyData" time="0.007"/>
  <system-out><![CDATA[]]></system-out>
  <system-err><![CDATA[WARNING: A Java agent has been loaded dynamically (C:\Users\medve\scoop\persist\gradle\.gradle\caches\modules-2\files-2.1\net.bytebuddy\byte-buddy-agent\1.14.12\be4984cb6fd1ef1d11f218a648889dfda44b8a15\byte-buddy-agent-1.14.12.jar)
WARNING: If a serviceability tool is in use, please run with -XX:+EnableDynamicAgentLoading to hide this warning
WARNING: If a serviceability tool is not in use, please run with -Djdk.instrument.traceUsage for more information
WARNING: Dynamic loading of agents will be disallowed by default in a future release
]]></system-err>
</testsuite>
