<?xml version="1.0" encoding="UTF-8"?>
<testsuite name="Portfolio Board Test Suite" tests="2" skipped="0" failures="0" errors="0" timestamp="2026-02-23T11:30:55.264Z" hostname="DANIL228" time="0.078">
  <properties/>
  <testcase name="Test if average working time returns 0.0 when 'In progress' list is empty" classname="com.kodilla.stream.portfolio.BoardTestSuite" time="0.054"/>
  <testcase name="Test if average working time for tasks 'In progress' is calculated correctly" classname="com.kodilla.stream.portfolio.BoardTestSuite" time="0.022"/>
  <system-out><![CDATA[]]></system-out>
  <system-err><![CDATA[]]></system-err>
</testsuite>
