<?xml version="1.0" encoding="UTF-8"?>
<testsuite name="com.kodilla.testing.collection.CollectionTestSuite" tests="2" skipped="0" failures="0" errors="0" timestamp="2026-02-11T16:12:16.773Z" hostname="DANIL228" time="0.063">
  <properties/>
  <testcase name="When exterminate is called with an empty list, then it should return an empty list" classname="com.kodilla.testing.collection.CollectionTestSuite" time="0.053"/>
  <testcase name="When exterminate is called with a normal list, then it should return only even numbers" classname="com.kodilla.testing.collection.CollectionTestSuite" time="0.008"/>
  <system-out><![CDATA[Test Case: begin
Test Case: end
Test Case: begin
Test Case: end
]]></system-out>
  <system-err><![CDATA[]]></system-err>
</testsuite>
