<?xml version="1.0" encoding="UTF-8"?>
<testsuite name="com.kodilla.exception.test.FlightSearchTestSuite" tests="3" skipped="0" failures="0" errors="0" timestamp="2026-02-25T13:48:40.557Z" hostname="DANIL228" time="0.072">
  <properties/>
  <testcase name="testFindFlightWhenAirportExists()" classname="com.kodilla.exception.test.FlightSearchTestSuite" time="0.057"/>
  <testcase name="testFindFlightWhenAirportDoesNotExist()" classname="com.kodilla.exception.test.FlightSearchTestSuite" time="0.005"/>
  <testcase name="testFindFlightWhenAirportIsClosed()" classname="com.kodilla.exception.test.FlightSearchTestSuite" time="0.006"/>
  <system-out><![CDATA[Flight to London is available.
Flight to Berlin is currently closed.
]]></system-out>
  <system-err><![CDATA[]]></system-err>
</testsuite>
